2017-08-05 17:34:43 INFO  Querybuilder:42 - 
=======Database Connection Open=======

2017-08-05 17:34:43 INFO  Querybuilder:45 - 
=======Statement Object Created=======

2017-08-05 17:34:43 INFO  Querybuilder:72 - 
=======Creating 'employee_table' In The Database=======

2017-08-05 17:34:43 INFO  Querybuilder:83 - 
Generated Sql Query?= CREATE TABLE employee_table (employee_id INTEGER(10),employee_name VARCHAR(100),employee_salary INTEGER(200))

2017-08-05 17:34:43 INFO  Querybuilder:88 - 
=======The 'employee_table' Successfully Created In The Database=======

2017-08-05 17:34:43 INFO  Querybuilder:94 - 
=======Inserting Record In The 'employee_table'=======

2017-08-05 17:34:43 INFO  Querybuilder:97 - 
Generated Sql Query?= INSERT INTO employee_table (employee_id,employee_name,employee_salary) VALUES (101,'Editor101',1274)

2017-08-05 17:34:43 INFO  Querybuilder:102 - 
=======Record Sucessfully Inserted  In The 'employee_table'=======

2017-08-05 17:34:43 INFO  Querybuilder:94 - 
=======Inserting Record In The 'employee_table'=======

2017-08-05 17:34:43 INFO  Querybuilder:97 - 
Generated Sql Query?= INSERT INTO employee_table (employee_id,employee_name,employee_salary) VALUES (102,'Editor102',1062)

2017-08-05 17:34:43 INFO  Querybuilder:102 - 
=======Record Sucessfully Inserted  In The 'employee_table'=======

2017-08-05 17:34:43 INFO  Querybuilder:94 - 
=======Inserting Record In The 'employee_table'=======

2017-08-05 17:34:43 INFO  Querybuilder:97 - 
Generated Sql Query?= INSERT INTO employee_table (employee_id,employee_name,employee_salary) VALUES (103,'Editor103',1476)

2017-08-05 17:34:43 INFO  Querybuilder:102 - 
=======Record Sucessfully Inserted  In The 'employee_table'=======

2017-08-05 17:34:43 INFO  Querybuilder:94 - 
=======Inserting Record In The 'employee_table'=======

2017-08-05 17:34:43 INFO  Querybuilder:97 - 
Generated Sql Query?= INSERT INTO employee_table (employee_id,employee_name,employee_salary) VALUES (104,'Editor104',1286)

2017-08-05 17:34:43 INFO  Querybuilder:102 - 
=======Record Sucessfully Inserted  In The 'employee_table'=======

2017-08-05 17:34:43 INFO  Querybuilder:94 - 
=======Inserting Record In The 'employee_table'=======

2017-08-05 17:34:43 INFO  Querybuilder:97 - 
Generated Sql Query?= INSERT INTO employee_table (employee_id,employee_name,employee_salary) VALUES (105,'Editor105',1062)

2017-08-05 17:34:44 INFO  Querybuilder:102 - 
=======Record Sucessfully Inserted  In The 'employee_table'=======

2017-08-05 17:34:44 INFO  Querybuilder:108 - 
=======Displaying All Records From The 'employee_table'=======

2017-08-05 17:34:44 INFO  Querybuilder:111 - 
Generated Sql Query?= SELECT t0.employee_id,t0.employee_name,t0.employee_salary FROM employee_table t0

2017-08-05 17:34:44 INFO  Querybuilder:118 - 
Id?= 101, Name?= Editor101, Salary?= 1274

2017-08-05 17:34:44 INFO  Querybuilder:118 - 
Id?= 102, Name?= Editor102, Salary?= 1062

2017-08-05 17:34:44 INFO  Querybuilder:118 - 
Id?= 103, Name?= Editor103, Salary?= 1476

2017-08-05 17:34:44 INFO  Querybuilder:118 - 
Id?= 104, Name?= Editor104, Salary?= 1286

2017-08-05 17:34:44 INFO  Querybuilder:118 - 
Id?= 105, Name?= Editor105, Salary?= 1062

2017-08-05 17:34:44 INFO  Querybuilder:120 - 
=======All Records Displayed From The 'employee_table'=======

2017-08-05 17:34:44 INFO  Querybuilder:130 - 
=======Displaying Specific Record From The 'employee_table'=======

2017-08-05 17:34:44 INFO  Querybuilder:133 - 
Generated Sql Query?= SELECT t0.employee_id,t0.employee_name,t0.employee_salary FROM employee_table t0 WHERE (t0.employee_id = 103)

2017-08-05 17:34:44 INFO  Querybuilder:140 - 
Id?= 103, Name?= Editor103, Salary?= 1476

2017-08-05 17:34:44 INFO  Querybuilder:146 - 
=======Specific Record Displayed From The 'employee_table'=======

2017-08-05 17:34:44 INFO  Querybuilder:152 - 
=======Updating Record In The 'employee_table'=======

2017-08-05 17:34:44 INFO  Querybuilder:155 - 
Generated Sql Query?= UPDATE employee_table SET employee_name = 'Java Code Geek' WHERE (employee_id = 101)

2017-08-05 17:34:44 INFO  Querybuilder:160 - 
=======Record Updated In The 'employee_table' =======

2017-08-05 17:34:44 INFO  Querybuilder:166 - 
=======Deleting Specific Record From The 'employee_table'=======

2017-08-05 17:34:44 INFO  Querybuilder:169 - 
Generated Sql Query?= DELETE FROM employee_table WHERE (employee_id = 103)

2017-08-05 17:34:44 INFO  Querybuilder:174 - 
=======Selective Specific Deleted From The 'employee_table'=======

2017-08-05 17:34:44 INFO  Querybuilder:108 - 
=======Displaying All Records From The 'employee_table'=======

2017-08-05 17:34:44 INFO  Querybuilder:111 - 
Generated Sql Query?= SELECT t0.employee_id,t0.employee_name,t0.employee_salary FROM employee_table t0

2017-08-05 17:34:44 INFO  Querybuilder:118 - 
Id?= 101, Name?= Java Code Geek, Salary?= 1274

2017-08-05 17:34:44 INFO  Querybuilder:118 - 
Id?= 102, Name?= Editor102, Salary?= 1062

2017-08-05 17:34:44 INFO  Querybuilder:118 - 
Id?= 104, Name?= Editor104, Salary?= 1286

2017-08-05 17:34:44 INFO  Querybuilder:118 - 
Id?= 105, Name?= Editor105, Salary?= 1062

2017-08-05 17:34:44 INFO  Querybuilder:120 - 
=======All Records Displayed From The 'employee_table'=======

2017-08-05 17:34:44 INFO  Querybuilder:180 - 
=======Deleting All Records From The 'employee_table'=======

2017-08-05 17:34:44 INFO  Querybuilder:183 - 
Generated Sql Query?= DELETE FROM employee_table

2017-08-05 17:34:44 INFO  Querybuilder:188 - 
=======All Records Deleted From The 'employee_table'=======

2017-08-05 17:34:44 INFO  Querybuilder:108 - 
=======Displaying All Records From The 'employee_table'=======

2017-08-05 17:34:44 INFO  Querybuilder:111 - 
Generated Sql Query?= SELECT t0.employee_id,t0.employee_name,t0.employee_salary FROM employee_table t0

2017-08-05 17:34:44 INFO  Querybuilder:115 - 
=======No Records Are Present In The 'employee_table'=======

2017-08-05 17:34:44 INFO  Querybuilder:195 - 
=======Dropping 'employee_table' From The Database=======

2017-08-05 17:34:44 INFO  Querybuilder:198 - 
Generated Sql Query?= DROP TABLE employee_table

2017-08-05 17:34:44 INFO  Querybuilder:203 - 
======='employee_table' Is Dropped From The Database=======

2017-08-05 17:34:44 INFO  Querybuilder:64 - 
=======Database Connection Closed=======

2020-12-11 19:36:26 INFO  Querybuilder:72 - 
=======Creating 'employee_table' In The Database=======

2020-12-11 19:36:26 INFO  Querybuilder:88 - 
=======The 'employee_table' Successfully Created In The Database=======

2020-12-11 19:36:26 INFO  Querybuilder:94 - 
=======Inserting Record In The 'employee_table'=======

2020-12-11 19:36:26 INFO  Querybuilder:97 - 
Generated Sql Query?= INSERT INTO NULL (NULL,NULL,NULL) VALUES (101,'Editor101',1081)

2020-12-11 19:36:26 INFO  Querybuilder:102 - 
=======Record Sucessfully Inserted  In The 'employee_table'=======

2020-12-11 19:36:26 INFO  Querybuilder:94 - 
=======Inserting Record In The 'employee_table'=======

2020-12-11 19:36:26 INFO  Querybuilder:97 - 
Generated Sql Query?= INSERT INTO NULL (NULL,NULL,NULL) VALUES (102,'Editor102',1296)

2020-12-11 19:36:26 INFO  Querybuilder:102 - 
=======Record Sucessfully Inserted  In The 'employee_table'=======

2020-12-11 19:36:26 INFO  Querybuilder:94 - 
=======Inserting Record In The 'employee_table'=======

2020-12-11 19:36:26 INFO  Querybuilder:97 - 
Generated Sql Query?= INSERT INTO NULL (NULL,NULL,NULL) VALUES (103,'Editor103',1476)

2020-12-11 19:36:26 INFO  Querybuilder:102 - 
=======Record Sucessfully Inserted  In The 'employee_table'=======

2020-12-11 19:36:26 INFO  Querybuilder:94 - 
=======Inserting Record In The 'employee_table'=======

2020-12-11 19:36:26 INFO  Querybuilder:97 - 
Generated Sql Query?= INSERT INTO NULL (NULL,NULL,NULL) VALUES (104,'Editor104',1457)

2020-12-11 19:36:26 INFO  Querybuilder:102 - 
=======Record Sucessfully Inserted  In The 'employee_table'=======

2020-12-11 19:36:26 INFO  Querybuilder:94 - 
=======Inserting Record In The 'employee_table'=======

2020-12-11 19:36:26 INFO  Querybuilder:97 - 
Generated Sql Query?= INSERT INTO NULL (NULL,NULL,NULL) VALUES (105,'Editor105',1239)

2020-12-11 19:36:26 INFO  Querybuilder:102 - 
=======Record Sucessfully Inserted  In The 'employee_table'=======

2020-12-11 19:36:26 INFO  Querybuilder:108 - 
=======Displaying All Records From The 'employee_table'=======

2020-12-11 19:36:26 INFO  Querybuilder:111 - 
Generated Sql Query?= SELECT NULL,NULL,NULL

2020-12-11 19:36:26 INFO  Querybuilder:130 - 
=======Displaying Specific Record From The 'employee_table'=======

2020-12-11 19:36:26 INFO  Querybuilder:133 - 
Generated Sql Query?= SELECT NULL,NULL,NULL WHERE (NULL = 103)

2020-12-11 19:36:26 INFO  Querybuilder:146 - 
=======Specific Record Displayed From The 'employee_table'=======

2020-12-11 19:36:26 INFO  Querybuilder:152 - 
=======Updating Record In The 'employee_table'=======

2020-12-11 19:36:26 INFO  Querybuilder:155 - 
Generated Sql Query?= UPDATE NULL SET NULL = 'Java Code Geek' WHERE (NULL = 101)

2020-12-11 19:36:26 INFO  Querybuilder:160 - 
=======Record Updated In The 'employee_table' =======

2020-12-11 19:36:26 INFO  Querybuilder:166 - 
=======Deleting Specific Record From The 'employee_table'=======

2020-12-11 19:36:26 INFO  Querybuilder:169 - 
Generated Sql Query?= DELETE FROM NULL WHERE (NULL = 103)

2020-12-11 19:36:26 INFO  Querybuilder:174 - 
=======Selective Specific Deleted From The 'employee_table'=======

2020-12-11 19:36:26 INFO  Querybuilder:108 - 
=======Displaying All Records From The 'employee_table'=======

2020-12-11 19:36:26 INFO  Querybuilder:111 - 
Generated Sql Query?= SELECT NULL,NULL,NULL

2020-12-11 19:36:26 INFO  Querybuilder:180 - 
=======Deleting All Records From The 'employee_table'=======

2020-12-11 19:36:26 INFO  Querybuilder:183 - 
Generated Sql Query?= DELETE FROM NULL

2020-12-11 19:36:26 INFO  Querybuilder:188 - 
=======All Records Deleted From The 'employee_table'=======

2020-12-11 19:36:26 INFO  Querybuilder:108 - 
=======Displaying All Records From The 'employee_table'=======

2020-12-11 19:36:26 INFO  Querybuilder:111 - 
Generated Sql Query?= SELECT NULL,NULL,NULL

2020-12-11 19:36:26 INFO  Querybuilder:195 - 
=======Dropping 'employee_table' From The Database=======

2020-12-11 19:36:26 INFO  Querybuilder:198 - 
Generated Sql Query?= DROP TABLE NULL

2020-12-11 19:36:26 INFO  Querybuilder:203 - 
======='employee_table' Is Dropped From The Database=======

2020-12-11 19:41:31 INFO  Querybuilder:72 - 
=======Creating 'employee_table' In The Database=======

2020-12-11 19:41:31 INFO  Querybuilder:88 - 
=======The 'employee_table' Successfully Created In The Database=======

2020-12-11 19:41:32 INFO  Querybuilder:94 - 
=======Inserting Record In The 'employee_table'=======

2020-12-11 19:41:32 INFO  Querybuilder:97 - 
Generated Sql Query?= INSERT INTO NULL (NULL,NULL,NULL) VALUES (101,'Editor101',1443)

2020-12-11 19:41:32 INFO  Querybuilder:102 - 
=======Record Sucessfully Inserted  In The 'employee_table'=======

2020-12-11 19:41:32 INFO  Querybuilder:94 - 
=======Inserting Record In The 'employee_table'=======

2020-12-11 19:41:32 INFO  Querybuilder:97 - 
Generated Sql Query?= INSERT INTO NULL (NULL,NULL,NULL) VALUES (102,'Editor102',1229)

2020-12-11 19:41:32 INFO  Querybuilder:102 - 
=======Record Sucessfully Inserted  In The 'employee_table'=======

2020-12-11 19:41:33 INFO  Querybuilder:94 - 
=======Inserting Record In The 'employee_table'=======

2020-12-11 19:41:33 INFO  Querybuilder:97 - 
Generated Sql Query?= INSERT INTO NULL (NULL,NULL,NULL) VALUES (103,'Editor103',1096)

2020-12-11 19:41:33 INFO  Querybuilder:102 - 
=======Record Sucessfully Inserted  In The 'employee_table'=======

2020-12-11 19:41:33 INFO  Querybuilder:94 - 
=======Inserting Record In The 'employee_table'=======

2020-12-11 19:41:33 INFO  Querybuilder:97 - 
Generated Sql Query?= INSERT INTO NULL (NULL,NULL,NULL) VALUES (104,'Editor104',1059)

2020-12-11 19:41:33 INFO  Querybuilder:102 - 
=======Record Sucessfully Inserted  In The 'employee_table'=======

2020-12-11 19:41:33 INFO  Querybuilder:94 - 
=======Inserting Record In The 'employee_table'=======

2020-12-11 19:41:33 INFO  Querybuilder:97 - 
Generated Sql Query?= INSERT INTO NULL (NULL,NULL,NULL) VALUES (105,'Editor105',1015)

2020-12-11 19:41:33 INFO  Querybuilder:102 - 
=======Record Sucessfully Inserted  In The 'employee_table'=======

2020-12-11 19:41:33 INFO  Querybuilder:108 - 
=======Displaying All Records From The 'employee_table'=======

2020-12-11 19:41:33 INFO  Querybuilder:111 - 
Generated Sql Query?= SELECT NULL,NULL,NULL

2020-12-11 19:41:33 INFO  Querybuilder:130 - 
=======Displaying Specific Record From The 'employee_table'=======

2020-12-11 19:41:33 INFO  Querybuilder:133 - 
Generated Sql Query?= SELECT NULL,NULL,NULL WHERE (NULL = 103)

2020-12-11 19:41:33 INFO  Querybuilder:146 - 
=======Specific Record Displayed From The 'employee_table'=======

2020-12-11 19:41:33 INFO  Querybuilder:152 - 
=======Updating Record In The 'employee_table'=======

2020-12-11 19:41:33 INFO  Querybuilder:155 - 
Generated Sql Query?= UPDATE NULL SET NULL = 'Java Code Geek' WHERE (NULL = 101)

2020-12-11 19:41:33 INFO  Querybuilder:160 - 
=======Record Updated In The 'employee_table' =======

2020-12-11 19:41:33 INFO  Querybuilder:166 - 
=======Deleting Specific Record From The 'employee_table'=======

2020-12-11 19:41:33 INFO  Querybuilder:169 - 
Generated Sql Query?= DELETE FROM NULL WHERE (NULL = 103)

2020-12-11 19:41:33 INFO  Querybuilder:174 - 
=======Selective Specific Deleted From The 'employee_table'=======

2020-12-11 19:41:33 INFO  Querybuilder:108 - 
=======Displaying All Records From The 'employee_table'=======

2020-12-11 19:41:33 INFO  Querybuilder:111 - 
Generated Sql Query?= SELECT NULL,NULL,NULL

2020-12-11 19:41:33 INFO  Querybuilder:180 - 
=======Deleting All Records From The 'employee_table'=======

2020-12-11 19:41:33 INFO  Querybuilder:183 - 
Generated Sql Query?= DELETE FROM NULL

2020-12-11 19:41:33 INFO  Querybuilder:188 - 
=======All Records Deleted From The 'employee_table'=======

2020-12-11 19:41:34 INFO  Querybuilder:108 - 
=======Displaying All Records From The 'employee_table'=======

2020-12-11 19:41:34 INFO  Querybuilder:111 - 
Generated Sql Query?= SELECT NULL,NULL,NULL

2020-12-11 19:41:34 INFO  Querybuilder:195 - 
=======Dropping 'employee_table' From The Database=======

2020-12-11 19:41:34 INFO  Querybuilder:198 - 
Generated Sql Query?= DROP TABLE NULL

2020-12-11 19:41:34 INFO  Querybuilder:203 - 
======='employee_table' Is Dropped From The Database=======

2020-12-11 19:45:01 INFO  Querybuilder:42 - 
=======Database Connection Open=======

2020-12-11 19:45:06 INFO  Querybuilder:45 - 
=======Statement Object Created=======

2020-12-11 19:46:11 INFO  Querybuilder:72 - 
=======Creating 'employee_table' In The Database=======

2020-12-11 19:49:20 INFO  Querybuilder:83 - 
Generated Sql Query?= CREATE TABLE employee_table (employee_id INTEGER(10),employee_name VARCHAR(100),employee_salary INTEGER(200))

2020-12-11 19:49:41 INFO  Querybuilder:88 - 
=======The 'employee_table' Successfully Created In The Database=======

2020-12-11 19:50:18 INFO  Querybuilder:94 - 
=======Inserting Record In The 'employee_table'=======

2020-12-11 19:51:10 INFO  Querybuilder:97 - 
Generated Sql Query?= INSERT INTO employee_table (employee_id,employee_name,employee_salary) VALUES (101,'Editor101',1460)

2020-12-11 19:51:13 INFO  Querybuilder:102 - 
=======Record Sucessfully Inserted  In The 'employee_table'=======

2020-12-11 19:51:16 INFO  Querybuilder:94 - 
=======Inserting Record In The 'employee_table'=======

2020-12-11 19:51:17 INFO  Querybuilder:97 - 
Generated Sql Query?= INSERT INTO employee_table (employee_id,employee_name,employee_salary) VALUES (102,'Editor102',1339)

2020-12-11 19:51:18 INFO  Querybuilder:102 - 
=======Record Sucessfully Inserted  In The 'employee_table'=======

2020-12-11 19:51:20 INFO  Querybuilder:94 - 
=======Inserting Record In The 'employee_table'=======

2020-12-11 19:51:20 INFO  Querybuilder:97 - 
Generated Sql Query?= INSERT INTO employee_table (employee_id,employee_name,employee_salary) VALUES (103,'Editor103',1396)

2020-12-11 19:51:21 INFO  Querybuilder:102 - 
=======Record Sucessfully Inserted  In The 'employee_table'=======

2020-12-11 19:51:23 INFO  Querybuilder:94 - 
=======Inserting Record In The 'employee_table'=======

2020-12-11 19:51:24 INFO  Querybuilder:97 - 
Generated Sql Query?= INSERT INTO employee_table (employee_id,employee_name,employee_salary) VALUES (104,'Editor104',1107)

2020-12-11 19:51:25 INFO  Querybuilder:102 - 
=======Record Sucessfully Inserted  In The 'employee_table'=======

2020-12-11 19:51:28 INFO  Querybuilder:94 - 
=======Inserting Record In The 'employee_table'=======

2020-12-11 19:51:28 INFO  Querybuilder:97 - 
Generated Sql Query?= INSERT INTO employee_table (employee_id,employee_name,employee_salary) VALUES (105,'Editor105',1381)

2020-12-11 19:51:29 INFO  Querybuilder:102 - 
=======Record Sucessfully Inserted  In The 'employee_table'=======

2020-12-11 19:51:36 INFO  Querybuilder:108 - 
=======Displaying All Records From The 'employee_table'=======

2020-12-11 19:51:56 INFO  Querybuilder:111 - 
Generated Sql Query?= SELECT t0.employee_id,t0.employee_name,t0.employee_salary FROM employee_table t0

2020-12-11 19:51:59 INFO  Querybuilder:118 - 
Id?= 101, Name?= Editor101, Salary?= 1460

2020-12-11 19:51:59 INFO  Querybuilder:118 - 
Id?= 102, Name?= Editor102, Salary?= 1339

2020-12-11 19:52:00 INFO  Querybuilder:118 - 
Id?= 103, Name?= Editor103, Salary?= 1396

2020-12-11 19:52:00 INFO  Querybuilder:118 - 
Id?= 104, Name?= Editor104, Salary?= 1107

2020-12-11 19:52:00 INFO  Querybuilder:118 - 
Id?= 105, Name?= Editor105, Salary?= 1381

2020-12-11 19:52:00 INFO  Querybuilder:120 - 
=======All Records Displayed From The 'employee_table'=======

2020-12-11 19:52:01 INFO  Querybuilder:130 - 
=======Displaying Specific Record From The 'employee_table'=======

2020-12-11 19:52:01 INFO  Querybuilder:133 - 
Generated Sql Query?= SELECT t0.employee_id,t0.employee_name,t0.employee_salary FROM employee_table t0 WHERE (t0.employee_id = 103)

2020-12-11 19:52:01 INFO  Querybuilder:140 - 
Id?= 103, Name?= Editor103, Salary?= 1396

2020-12-11 19:52:01 INFO  Querybuilder:146 - 
=======Specific Record Displayed From The 'employee_table'=======

2020-12-11 19:52:01 INFO  Querybuilder:152 - 
=======Updating Record In The 'employee_table'=======

2020-12-11 19:52:01 INFO  Querybuilder:155 - 
Generated Sql Query?= UPDATE employee_table SET employee_name = 'Java Code Geek' WHERE (employee_id = 101)

2020-12-11 19:52:02 INFO  Querybuilder:160 - 
=======Record Updated In The 'employee_table' =======

2020-12-11 19:52:02 INFO  Querybuilder:166 - 
=======Deleting Specific Record From The 'employee_table'=======

2020-12-11 19:52:02 INFO  Querybuilder:169 - 
Generated Sql Query?= DELETE FROM employee_table WHERE (employee_id = 103)

2020-12-11 19:52:02 INFO  Querybuilder:174 - 
=======Selective Specific Deleted From The 'employee_table'=======

2020-12-11 19:52:02 INFO  Querybuilder:108 - 
=======Displaying All Records From The 'employee_table'=======

2020-12-11 19:52:02 INFO  Querybuilder:111 - 
Generated Sql Query?= SELECT t0.employee_id,t0.employee_name,t0.employee_salary FROM employee_table t0

2020-12-11 19:52:02 INFO  Querybuilder:118 - 
Id?= 101, Name?= Java Code Geek, Salary?= 1460

2020-12-11 19:52:02 INFO  Querybuilder:118 - 
Id?= 102, Name?= Editor102, Salary?= 1339

2020-12-11 19:52:02 INFO  Querybuilder:118 - 
Id?= 104, Name?= Editor104, Salary?= 1107

2020-12-11 19:52:02 INFO  Querybuilder:118 - 
Id?= 105, Name?= Editor105, Salary?= 1381

2020-12-11 19:52:02 INFO  Querybuilder:120 - 
=======All Records Displayed From The 'employee_table'=======

2020-12-11 19:52:02 INFO  Querybuilder:180 - 
=======Deleting All Records From The 'employee_table'=======

2020-12-11 19:52:02 INFO  Querybuilder:183 - 
Generated Sql Query?= DELETE FROM employee_table

2020-12-11 19:52:03 INFO  Querybuilder:188 - 
=======All Records Deleted From The 'employee_table'=======

2020-12-11 19:52:03 INFO  Querybuilder:108 - 
=======Displaying All Records From The 'employee_table'=======

2020-12-11 19:52:03 INFO  Querybuilder:111 - 
Generated Sql Query?= SELECT t0.employee_id,t0.employee_name,t0.employee_salary FROM employee_table t0

2020-12-11 19:52:03 INFO  Querybuilder:115 - 
=======No Records Are Present In The 'employee_table'=======

2020-12-11 19:52:03 INFO  Querybuilder:195 - 
=======Dropping 'employee_table' From The Database=======

2020-12-11 19:52:03 INFO  Querybuilder:198 - 
Generated Sql Query?= DROP TABLE employee_table

2020-12-11 19:52:04 INFO  Querybuilder:203 - 
======='employee_table' Is Dropped From The Database=======

2020-12-11 19:52:37 INFO  Querybuilder:42 - 
=======Database Connection Open=======

2020-12-11 19:52:37 INFO  Querybuilder:45 - 
=======Statement Object Created=======

2020-12-11 19:52:37 INFO  Querybuilder:72 - 
=======Creating 'employee_table' In The Database=======

2020-12-11 19:52:37 INFO  Querybuilder:83 - 
Generated Sql Query?= CREATE TABLE employee_table (employee_id INTEGER(10),employee_name VARCHAR(100),employee_salary INTEGER(200))

2020-12-11 19:52:39 INFO  Querybuilder:88 - 
=======The 'employee_table' Successfully Created In The Database=======

2020-12-11 19:52:39 INFO  Querybuilder:94 - 
=======Inserting Record In The 'employee_table'=======

2020-12-11 19:52:39 INFO  Querybuilder:97 - 
Generated Sql Query?= INSERT INTO employee_table (employee_id,employee_name,employee_salary) VALUES (101,'Editor101',1155)

2020-12-11 19:52:39 INFO  Querybuilder:102 - 
=======Record Sucessfully Inserted  In The 'employee_table'=======

2020-12-11 19:52:39 INFO  Querybuilder:94 - 
=======Inserting Record In The 'employee_table'=======

2020-12-11 19:52:39 INFO  Querybuilder:97 - 
Generated Sql Query?= INSERT INTO employee_table (employee_id,employee_name,employee_salary) VALUES (102,'Editor102',1389)

2020-12-11 19:52:39 INFO  Querybuilder:102 - 
=======Record Sucessfully Inserted  In The 'employee_table'=======

2020-12-11 19:52:39 INFO  Querybuilder:94 - 
=======Inserting Record In The 'employee_table'=======

2020-12-11 19:52:39 INFO  Querybuilder:97 - 
Generated Sql Query?= INSERT INTO employee_table (employee_id,employee_name,employee_salary) VALUES (103,'Editor103',1204)

2020-12-11 19:52:39 INFO  Querybuilder:102 - 
=======Record Sucessfully Inserted  In The 'employee_table'=======

2020-12-11 19:52:39 INFO  Querybuilder:94 - 
=======Inserting Record In The 'employee_table'=======

2020-12-11 19:52:39 INFO  Querybuilder:97 - 
Generated Sql Query?= INSERT INTO employee_table (employee_id,employee_name,employee_salary) VALUES (104,'Editor104',1417)

2020-12-11 19:52:39 INFO  Querybuilder:102 - 
=======Record Sucessfully Inserted  In The 'employee_table'=======

2020-12-11 19:52:39 INFO  Querybuilder:94 - 
=======Inserting Record In The 'employee_table'=======

2020-12-11 19:52:39 INFO  Querybuilder:97 - 
Generated Sql Query?= INSERT INTO employee_table (employee_id,employee_name,employee_salary) VALUES (105,'Editor105',1044)

2020-12-11 19:52:39 INFO  Querybuilder:102 - 
=======Record Sucessfully Inserted  In The 'employee_table'=======

2020-12-11 19:52:39 INFO  Querybuilder:108 - 
=======Displaying All Records From The 'employee_table'=======

2020-12-11 19:52:39 INFO  Querybuilder:111 - 
Generated Sql Query?= SELECT t0.employee_id,t0.employee_name,t0.employee_salary FROM employee_table t0

2020-12-11 19:52:39 INFO  Querybuilder:118 - 
Id?= 101, Name?= Editor101, Salary?= 1155

2020-12-11 19:52:39 INFO  Querybuilder:118 - 
Id?= 102, Name?= Editor102, Salary?= 1389

2020-12-11 19:52:39 INFO  Querybuilder:118 - 
Id?= 103, Name?= Editor103, Salary?= 1204

2020-12-11 19:52:39 INFO  Querybuilder:118 - 
Id?= 104, Name?= Editor104, Salary?= 1417

2020-12-11 19:52:39 INFO  Querybuilder:118 - 
Id?= 105, Name?= Editor105, Salary?= 1044

2020-12-11 19:52:39 INFO  Querybuilder:120 - 
=======All Records Displayed From The 'employee_table'=======

2020-12-11 19:52:39 INFO  Querybuilder:130 - 
=======Displaying Specific Record From The 'employee_table'=======

2020-12-11 19:52:39 INFO  Querybuilder:133 - 
Generated Sql Query?= SELECT t0.employee_id,t0.employee_name,t0.employee_salary FROM employee_table t0 WHERE (t0.employee_id = 103)

2020-12-11 19:52:39 INFO  Querybuilder:140 - 
Id?= 103, Name?= Editor103, Salary?= 1204

2020-12-11 19:52:39 INFO  Querybuilder:146 - 
=======Specific Record Displayed From The 'employee_table'=======

2020-12-11 19:52:39 INFO  Querybuilder:152 - 
=======Updating Record In The 'employee_table'=======

2020-12-11 19:52:39 INFO  Querybuilder:155 - 
Generated Sql Query?= UPDATE employee_table SET employee_name = 'Java Code Geek' WHERE (employee_id = 101)

2020-12-11 19:52:39 INFO  Querybuilder:160 - 
=======Record Updated In The 'employee_table' =======

2020-12-11 19:52:39 INFO  Querybuilder:166 - 
=======Deleting Specific Record From The 'employee_table'=======

2020-12-11 19:52:39 INFO  Querybuilder:169 - 
Generated Sql Query?= DELETE FROM employee_table WHERE (employee_id = 103)

2020-12-11 19:52:39 INFO  Querybuilder:174 - 
=======Selective Specific Deleted From The 'employee_table'=======

2020-12-11 19:52:39 INFO  Querybuilder:108 - 
=======Displaying All Records From The 'employee_table'=======

2020-12-11 19:52:39 INFO  Querybuilder:111 - 
Generated Sql Query?= SELECT t0.employee_id,t0.employee_name,t0.employee_salary FROM employee_table t0

2020-12-11 19:52:39 INFO  Querybuilder:118 - 
Id?= 101, Name?= Java Code Geek, Salary?= 1155

2020-12-11 19:52:39 INFO  Querybuilder:118 - 
Id?= 102, Name?= Editor102, Salary?= 1389

2020-12-11 19:52:39 INFO  Querybuilder:118 - 
Id?= 104, Name?= Editor104, Salary?= 1417

2020-12-11 19:52:39 INFO  Querybuilder:118 - 
Id?= 105, Name?= Editor105, Salary?= 1044

2020-12-11 19:52:39 INFO  Querybuilder:120 - 
=======All Records Displayed From The 'employee_table'=======

2020-12-11 19:52:39 INFO  Querybuilder:180 - 
=======Deleting All Records From The 'employee_table'=======

2020-12-11 19:52:39 INFO  Querybuilder:183 - 
Generated Sql Query?= DELETE FROM employee_table

2020-12-11 19:52:40 INFO  Querybuilder:188 - 
=======All Records Deleted From The 'employee_table'=======

2020-12-11 19:52:40 INFO  Querybuilder:108 - 
=======Displaying All Records From The 'employee_table'=======

2020-12-11 19:52:40 INFO  Querybuilder:111 - 
Generated Sql Query?= SELECT t0.employee_id,t0.employee_name,t0.employee_salary FROM employee_table t0

2020-12-11 19:52:40 INFO  Querybuilder:115 - 
=======No Records Are Present In The 'employee_table'=======

2020-12-11 19:52:40 INFO  Querybuilder:195 - 
=======Dropping 'employee_table' From The Database=======

2020-12-11 19:52:40 INFO  Querybuilder:198 - 
Generated Sql Query?= DROP TABLE employee_table

2020-12-11 19:52:40 INFO  Querybuilder:203 - 
======='employee_table' Is Dropped From The Database=======

2020-12-11 19:52:40 INFO  Querybuilder:64 - 
=======Database Connection Closed=======

2020-12-11 19:54:55 INFO  Querybuilder:42 - 
=======Database Connection Open=======

2020-12-11 19:54:55 INFO  Querybuilder:45 - 
=======Statement Object Created=======

2020-12-11 19:54:55 INFO  Querybuilder:72 - 
=======Creating 'employee_table' In The Database=======

2020-12-11 19:54:55 INFO  Querybuilder:83 - 
Generated Sql Query?= CREATE TABLE employee_table (employee_id INTEGER(10),employee_name VARCHAR(100),employee_salary INTEGER(200))

2020-12-11 19:54:56 INFO  Querybuilder:88 - 
=======The 'employee_table' Successfully Created In The Database=======

2020-12-11 19:54:56 INFO  Querybuilder:94 - 
=======Inserting Record In The 'employee_table'=======

2020-12-11 19:54:56 INFO  Querybuilder:97 - 
Generated Sql Query?= INSERT INTO employee_table (employee_id,employee_name,employee_salary) VALUES (101,'Editor101',1358)

2020-12-11 19:54:57 INFO  Querybuilder:102 - 
=======Record Sucessfully Inserted  In The 'employee_table'=======

2020-12-11 19:54:57 INFO  Querybuilder:94 - 
=======Inserting Record In The 'employee_table'=======

2020-12-11 19:54:57 INFO  Querybuilder:97 - 
Generated Sql Query?= INSERT INTO employee_table (employee_id,employee_name,employee_salary) VALUES (102,'Editor102',1359)

2020-12-11 19:54:57 INFO  Querybuilder:102 - 
=======Record Sucessfully Inserted  In The 'employee_table'=======

2020-12-11 19:54:57 INFO  Querybuilder:94 - 
=======Inserting Record In The 'employee_table'=======

2020-12-11 19:54:57 INFO  Querybuilder:97 - 
Generated Sql Query?= INSERT INTO employee_table (employee_id,employee_name,employee_salary) VALUES (103,'Editor103',1009)

2020-12-11 19:54:57 INFO  Querybuilder:102 - 
=======Record Sucessfully Inserted  In The 'employee_table'=======

2020-12-11 19:54:57 INFO  Querybuilder:94 - 
=======Inserting Record In The 'employee_table'=======

2020-12-11 19:54:57 INFO  Querybuilder:97 - 
Generated Sql Query?= INSERT INTO employee_table (employee_id,employee_name,employee_salary) VALUES (104,'Editor104',1115)

2020-12-11 19:54:57 INFO  Querybuilder:102 - 
=======Record Sucessfully Inserted  In The 'employee_table'=======

2020-12-11 19:54:57 INFO  Querybuilder:94 - 
=======Inserting Record In The 'employee_table'=======

2020-12-11 19:54:57 INFO  Querybuilder:97 - 
Generated Sql Query?= INSERT INTO employee_table (employee_id,employee_name,employee_salary) VALUES (105,'Editor105',1358)

2020-12-11 19:54:57 INFO  Querybuilder:102 - 
=======Record Sucessfully Inserted  In The 'employee_table'=======

2020-12-11 19:54:57 INFO  Querybuilder:108 - 
=======Displaying All Records From The 'employee_table'=======

2020-12-11 19:54:57 INFO  Querybuilder:111 - 
Generated Sql Query?= SELECT t0.employee_id,t0.employee_name,t0.employee_salary FROM employee_table t0

2020-12-11 19:54:57 INFO  Querybuilder:118 - 
Id?= 101, Name?= Editor101, Salary?= 1358

2020-12-11 19:54:57 INFO  Querybuilder:118 - 
Id?= 102, Name?= Editor102, Salary?= 1359

2020-12-11 19:54:57 INFO  Querybuilder:118 - 
Id?= 103, Name?= Editor103, Salary?= 1009

2020-12-11 19:54:57 INFO  Querybuilder:118 - 
Id?= 104, Name?= Editor104, Salary?= 1115

2020-12-11 19:54:57 INFO  Querybuilder:118 - 
Id?= 105, Name?= Editor105, Salary?= 1358

2020-12-11 19:54:57 INFO  Querybuilder:120 - 
=======All Records Displayed From The 'employee_table'=======

2020-12-11 19:54:57 INFO  Querybuilder:130 - 
=======Displaying Specific Record From The 'employee_table'=======

2020-12-11 19:54:57 INFO  Querybuilder:133 - 
Generated Sql Query?= SELECT t0.employee_id,t0.employee_name,t0.employee_salary FROM employee_table t0 WHERE (t0.employee_id = 103)

2020-12-11 19:54:57 INFO  Querybuilder:140 - 
Id?= 103, Name?= Editor103, Salary?= 1009

2020-12-11 19:54:57 INFO  Querybuilder:146 - 
=======Specific Record Displayed From The 'employee_table'=======

2020-12-11 19:54:57 INFO  Querybuilder:152 - 
=======Updating Record In The 'employee_table'=======

2020-12-11 19:54:57 INFO  Querybuilder:155 - 
Generated Sql Query?= UPDATE employee_table SET employee_name = 'Java Code Geek' WHERE (employee_id = 101)

2020-12-11 19:54:57 INFO  Querybuilder:160 - 
=======Record Updated In The 'employee_table' =======

2020-12-11 19:54:57 INFO  Querybuilder:108 - 
=======Displaying All Records From The 'employee_table'=======

2020-12-11 19:54:57 INFO  Querybuilder:111 - 
Generated Sql Query?= SELECT t0.employee_id,t0.employee_name,t0.employee_salary FROM employee_table t0

2020-12-11 19:54:57 INFO  Querybuilder:118 - 
Id?= 101, Name?= Java Code Geek, Salary?= 1358

2020-12-11 19:54:57 INFO  Querybuilder:118 - 
Id?= 102, Name?= Editor102, Salary?= 1359

2020-12-11 19:54:57 INFO  Querybuilder:118 - 
Id?= 103, Name?= Editor103, Salary?= 1009

2020-12-11 19:54:57 INFO  Querybuilder:118 - 
Id?= 104, Name?= Editor104, Salary?= 1115

2020-12-11 19:54:57 INFO  Querybuilder:118 - 
Id?= 105, Name?= Editor105, Salary?= 1358

2020-12-11 19:54:57 INFO  Querybuilder:120 - 
=======All Records Displayed From The 'employee_table'=======

2020-12-11 19:54:57 INFO  Querybuilder:108 - 
=======Displaying All Records From The 'employee_table'=======

2020-12-11 19:54:57 INFO  Querybuilder:111 - 
Generated Sql Query?= SELECT t0.employee_id,t0.employee_name,t0.employee_salary FROM employee_table t0

2020-12-11 19:54:57 INFO  Querybuilder:118 - 
Id?= 101, Name?= Java Code Geek, Salary?= 1358

2020-12-11 19:54:57 INFO  Querybuilder:118 - 
Id?= 102, Name?= Editor102, Salary?= 1359

2020-12-11 19:54:57 INFO  Querybuilder:118 - 
Id?= 103, Name?= Editor103, Salary?= 1009

2020-12-11 19:54:57 INFO  Querybuilder:118 - 
Id?= 104, Name?= Editor104, Salary?= 1115

2020-12-11 19:54:57 INFO  Querybuilder:118 - 
Id?= 105, Name?= Editor105, Salary?= 1358

2020-12-11 19:54:57 INFO  Querybuilder:120 - 
=======All Records Displayed From The 'employee_table'=======

2020-12-11 19:54:57 INFO  Querybuilder:64 - 
=======Database Connection Closed=======

2020-12-11 20:09:13 INFO  Querybuilder:42 - 
=======Database Connection Open=======

2020-12-11 20:09:13 INFO  Querybuilder:45 - 
=======Statement Object Created=======

2020-12-11 20:09:13 INFO  Querybuilder:72 - 
=======Creating 'employee_table' In The Database=======

2020-12-11 20:09:13 INFO  Querybuilder:83 - 
Generated Sql Query?= CREATE TABLE employee_table (employee_id INTEGER(10),employee_name VARCHAR(100),employee_salary INTEGER(200))

2020-12-11 20:09:13 INFO  Querybuilder:88 - 
=======The 'employee_table' Successfully Created In The Database=======

2020-12-11 20:09:13 INFO  Querybuilder:94 - 
=======Inserting Record In The 'employee_table'=======

2020-12-11 20:09:13 INFO  Querybuilder:97 - 
Generated Sql Query?= INSERT INTO employee_table (employee_id,employee_name,employee_salary) VALUES (101,'Editor101',1337)

2020-12-11 20:09:13 INFO  Querybuilder:102 - 
=======Record Sucessfully Inserted  In The 'employee_table'=======

2020-12-11 20:09:13 INFO  Querybuilder:94 - 
=======Inserting Record In The 'employee_table'=======

2020-12-11 20:09:13 INFO  Querybuilder:97 - 
Generated Sql Query?= INSERT INTO employee_table (employee_id,employee_name,employee_salary) VALUES (102,'Editor102',1413)

2020-12-11 20:09:13 INFO  Querybuilder:102 - 
=======Record Sucessfully Inserted  In The 'employee_table'=======

2020-12-11 20:09:13 INFO  Querybuilder:94 - 
=======Inserting Record In The 'employee_table'=======

2020-12-11 20:09:13 INFO  Querybuilder:97 - 
Generated Sql Query?= INSERT INTO employee_table (employee_id,employee_name,employee_salary) VALUES (103,'Editor103',1212)

2020-12-11 20:09:13 INFO  Querybuilder:102 - 
=======Record Sucessfully Inserted  In The 'employee_table'=======

2020-12-11 20:09:13 INFO  Querybuilder:94 - 
=======Inserting Record In The 'employee_table'=======

2020-12-11 20:09:13 INFO  Querybuilder:97 - 
Generated Sql Query?= INSERT INTO employee_table (employee_id,employee_name,employee_salary) VALUES (104,'Editor104',1347)

2020-12-11 20:09:14 INFO  Querybuilder:102 - 
=======Record Sucessfully Inserted  In The 'employee_table'=======

2020-12-11 20:09:14 INFO  Querybuilder:94 - 
=======Inserting Record In The 'employee_table'=======

2020-12-11 20:09:14 INFO  Querybuilder:97 - 
Generated Sql Query?= INSERT INTO employee_table (employee_id,employee_name,employee_salary) VALUES (105,'Editor105',1329)

2020-12-11 20:09:14 INFO  Querybuilder:102 - 
=======Record Sucessfully Inserted  In The 'employee_table'=======

2020-12-11 20:09:14 INFO  Querybuilder:108 - 
=======Displaying All Records From The 'employee_table'=======

2020-12-11 20:09:14 INFO  Querybuilder:111 - 
Generated Sql Query?= SELECT t0.employee_id,t0.employee_name,t0.employee_salary FROM employee_table t0

2020-12-11 20:09:14 INFO  Querybuilder:118 - 
Id?= 101, Name?= Java Code Geek, Salary?= 1358

2020-12-11 20:09:14 INFO  Querybuilder:118 - 
Id?= 102, Name?= Editor102, Salary?= 1359

2020-12-11 20:09:14 INFO  Querybuilder:118 - 
Id?= 103, Name?= Editor103, Salary?= 1009

2020-12-11 20:09:14 INFO  Querybuilder:118 - 
Id?= 104, Name?= Editor104, Salary?= 1115

2020-12-11 20:09:14 INFO  Querybuilder:118 - 
Id?= 105, Name?= Editor105, Salary?= 1358

2020-12-11 20:09:14 INFO  Querybuilder:118 - 
Id?= 101, Name?= Editor101, Salary?= 1337

2020-12-11 20:09:14 INFO  Querybuilder:118 - 
Id?= 102, Name?= Editor102, Salary?= 1413

2020-12-11 20:09:14 INFO  Querybuilder:118 - 
Id?= 103, Name?= Editor103, Salary?= 1212

2020-12-11 20:09:14 INFO  Querybuilder:118 - 
Id?= 104, Name?= Editor104, Salary?= 1347

2020-12-11 20:09:14 INFO  Querybuilder:118 - 
Id?= 105, Name?= Editor105, Salary?= 1329

2020-12-11 20:09:14 INFO  Querybuilder:120 - 
=======All Records Displayed From The 'employee_table'=======

2020-12-11 20:09:14 INFO  Querybuilder:130 - 
=======Displaying Specific Record From The 'employee_table'=======

2020-12-11 20:09:14 INFO  Querybuilder:133 - 
Generated Sql Query?= SELECT t0.employee_id,t0.employee_name,t0.employee_salary FROM employee_table t0 WHERE (t0.employee_id = 103)

2020-12-11 20:09:14 INFO  Querybuilder:140 - 
Id?= 103, Name?= Editor103, Salary?= 1009

2020-12-11 20:09:14 INFO  Querybuilder:140 - 
Id?= 103, Name?= Editor103, Salary?= 1212

2020-12-11 20:09:14 INFO  Querybuilder:146 - 
=======Specific Record Displayed From The 'employee_table'=======

2020-12-11 20:09:14 INFO  Querybuilder:152 - 
=======Updating Record In The 'employee_table'=======

2020-12-11 20:09:14 INFO  Querybuilder:155 - 
Generated Sql Query?= UPDATE employee_table SET employee_name = 'Java Code Geek' WHERE (employee_id = 101)

2020-12-11 20:09:14 INFO  Querybuilder:160 - 
=======Record Updated In The 'employee_table' =======

2020-12-11 20:09:14 INFO  Querybuilder:108 - 
=======Displaying All Records From The 'employee_table'=======

2020-12-11 20:09:14 INFO  Querybuilder:111 - 
Generated Sql Query?= SELECT t0.employee_id,t0.employee_name,t0.employee_salary FROM employee_table t0

2020-12-11 20:09:14 INFO  Querybuilder:118 - 
Id?= 101, Name?= Java Code Geek, Salary?= 1358

2020-12-11 20:09:14 INFO  Querybuilder:118 - 
Id?= 102, Name?= Editor102, Salary?= 1359

2020-12-11 20:09:14 INFO  Querybuilder:118 - 
Id?= 103, Name?= Editor103, Salary?= 1009

2020-12-11 20:09:14 INFO  Querybuilder:118 - 
Id?= 104, Name?= Editor104, Salary?= 1115

2020-12-11 20:09:14 INFO  Querybuilder:118 - 
Id?= 105, Name?= Editor105, Salary?= 1358

2020-12-11 20:09:14 INFO  Querybuilder:118 - 
Id?= 101, Name?= Java Code Geek, Salary?= 1337

2020-12-11 20:09:14 INFO  Querybuilder:118 - 
Id?= 102, Name?= Editor102, Salary?= 1413

2020-12-11 20:09:14 INFO  Querybuilder:118 - 
Id?= 103, Name?= Editor103, Salary?= 1212

2020-12-11 20:09:14 INFO  Querybuilder:118 - 
Id?= 104, Name?= Editor104, Salary?= 1347

2020-12-11 20:09:14 INFO  Querybuilder:118 - 
Id?= 105, Name?= Editor105, Salary?= 1329

2020-12-11 20:09:14 INFO  Querybuilder:120 - 
=======All Records Displayed From The 'employee_table'=======

2020-12-11 20:09:14 INFO  Querybuilder:108 - 
=======Displaying All Records From The 'employee_table'=======

2020-12-11 20:09:14 INFO  Querybuilder:111 - 
Generated Sql Query?= SELECT t0.employee_id,t0.employee_name,t0.employee_salary FROM employee_table t0

2020-12-11 20:09:14 INFO  Querybuilder:118 - 
Id?= 101, Name?= Java Code Geek, Salary?= 1358

2020-12-11 20:09:14 INFO  Querybuilder:118 - 
Id?= 102, Name?= Editor102, Salary?= 1359

2020-12-11 20:09:14 INFO  Querybuilder:118 - 
Id?= 103, Name?= Editor103, Salary?= 1009

2020-12-11 20:09:14 INFO  Querybuilder:118 - 
Id?= 104, Name?= Editor104, Salary?= 1115

2020-12-11 20:09:14 INFO  Querybuilder:118 - 
Id?= 105, Name?= Editor105, Salary?= 1358

2020-12-11 20:09:14 INFO  Querybuilder:118 - 
Id?= 101, Name?= Java Code Geek, Salary?= 1337

2020-12-11 20:09:14 INFO  Querybuilder:118 - 
Id?= 102, Name?= Editor102, Salary?= 1413

2020-12-11 20:09:14 INFO  Querybuilder:118 - 
Id?= 103, Name?= Editor103, Salary?= 1212

2020-12-11 20:09:14 INFO  Querybuilder:118 - 
Id?= 104, Name?= Editor104, Salary?= 1347

2020-12-11 20:09:14 INFO  Querybuilder:118 - 
Id?= 105, Name?= Editor105, Salary?= 1329

2020-12-11 20:09:14 INFO  Querybuilder:120 - 
=======All Records Displayed From The 'employee_table'=======

2020-12-11 20:09:14 INFO  Querybuilder:64 - 
=======Database Connection Closed=======

2020-12-12 21:53:24 INFO  Querybuilder:42 - 
=======Database Connection Open=======

2020-12-12 21:53:33 INFO  Querybuilder:45 - 
=======Statement Object Created=======

2020-12-12 21:55:02 INFO  Querybuilder:94 - 
=======Inserting Record In The 'employee_table'=======

2020-12-12 21:55:06 INFO  Querybuilder:97 - 
Generated Sql Query?= INSERT INTO NULL (NULL,NULL,NULL) VALUES (101,'Editor101',1095)

2020-12-12 21:55:08 INFO  Querybuilder:102 - 
=======Record Sucessfully Inserted  In The 'employee_table'=======

2020-12-12 21:55:11 INFO  Querybuilder:94 - 
=======Inserting Record In The 'employee_table'=======

2020-12-12 21:55:11 INFO  Querybuilder:97 - 
Generated Sql Query?= INSERT INTO NULL (NULL,NULL,NULL) VALUES (102,'Editor102',1282)

2020-12-12 21:55:12 INFO  Querybuilder:102 - 
=======Record Sucessfully Inserted  In The 'employee_table'=======

2020-12-12 21:55:15 INFO  Querybuilder:94 - 
=======Inserting Record In The 'employee_table'=======

2020-12-12 21:55:27 INFO  Querybuilder:97 - 
Generated Sql Query?= INSERT INTO NULL (NULL,NULL,NULL) VALUES (103,'Editor103',1191)

2020-12-12 21:55:28 INFO  Querybuilder:102 - 
=======Record Sucessfully Inserted  In The 'employee_table'=======

2020-12-12 21:55:30 INFO  Querybuilder:94 - 
=======Inserting Record In The 'employee_table'=======

2020-12-12 21:55:30 INFO  Querybuilder:97 - 
Generated Sql Query?= INSERT INTO NULL (NULL,NULL,NULL) VALUES (104,'Editor104',1384)

2020-12-12 21:55:30 INFO  Querybuilder:102 - 
=======Record Sucessfully Inserted  In The 'employee_table'=======

2020-12-12 21:55:31 INFO  Querybuilder:94 - 
=======Inserting Record In The 'employee_table'=======

2020-12-12 21:55:31 INFO  Querybuilder:97 - 
Generated Sql Query?= INSERT INTO NULL (NULL,NULL,NULL) VALUES (105,'Editor105',1438)

2020-12-12 21:55:31 INFO  Querybuilder:102 - 
=======Record Sucessfully Inserted  In The 'employee_table'=======

2020-12-12 21:55:31 INFO  Querybuilder:108 - 
=======Displaying All Records From The 'employee_table'=======

2020-12-12 21:55:32 INFO  Querybuilder:111 - 
Generated Sql Query?= SELECT NULL,NULL,NULL

2020-12-12 21:55:35 INFO  Querybuilder:130 - 
=======Displaying Specific Record From The 'employee_table'=======

2020-12-12 21:55:37 INFO  Querybuilder:133 - 
Generated Sql Query?= SELECT NULL,NULL,NULL WHERE (NULL = 103)

2020-12-12 21:55:38 INFO  Querybuilder:137 - 
=======No Record Is Present In The 'employee_table'=======

2020-12-12 21:58:01 INFO  Querybuilder:42 - 
=======Database Connection Open=======

2020-12-12 21:58:01 INFO  Querybuilder:45 - 
=======Statement Object Created=======

2020-12-12 21:58:01 INFO  Querybuilder:72 - 
=======Creating 'employee_table' In The Database=======

2020-12-12 21:59:24 INFO  Querybuilder:83 - 
Generated Sql Query?= CREATE TABLE employee_table (employee_id INTEGER(10),employee_name VARCHAR(100),employee_salary INTEGER(200))

2020-12-12 21:59:38 INFO  Querybuilder:88 - 
=======The 'employee_table' Successfully Created In The Database=======

2020-12-12 21:59:42 INFO  Querybuilder:94 - 
=======Inserting Record In The 'employee_table'=======

2020-12-12 21:59:42 INFO  Querybuilder:97 - 
Generated Sql Query?= INSERT INTO employee_table (employee_id,employee_name,employee_salary) VALUES (101,'Editor101',1205)

2020-12-12 21:59:44 INFO  Querybuilder:102 - 
=======Record Sucessfully Inserted  In The 'employee_table'=======

2020-12-12 21:59:45 INFO  Querybuilder:94 - 
=======Inserting Record In The 'employee_table'=======

2020-12-12 21:59:45 INFO  Querybuilder:97 - 
Generated Sql Query?= INSERT INTO employee_table (employee_id,employee_name,employee_salary) VALUES (102,'Editor102',1176)

2020-12-12 21:59:46 INFO  Querybuilder:102 - 
=======Record Sucessfully Inserted  In The 'employee_table'=======

2020-12-12 21:59:47 INFO  Querybuilder:94 - 
=======Inserting Record In The 'employee_table'=======

2020-12-12 21:59:47 INFO  Querybuilder:97 - 
Generated Sql Query?= INSERT INTO employee_table (employee_id,employee_name,employee_salary) VALUES (103,'Editor103',1382)

2020-12-12 21:59:47 INFO  Querybuilder:102 - 
=======Record Sucessfully Inserted  In The 'employee_table'=======

2020-12-12 21:59:48 INFO  Querybuilder:94 - 
=======Inserting Record In The 'employee_table'=======

2020-12-12 21:59:48 INFO  Querybuilder:97 - 
Generated Sql Query?= INSERT INTO employee_table (employee_id,employee_name,employee_salary) VALUES (104,'Editor104',1176)

2020-12-12 21:59:48 INFO  Querybuilder:102 - 
=======Record Sucessfully Inserted  In The 'employee_table'=======

2020-12-12 21:59:49 INFO  Querybuilder:94 - 
=======Inserting Record In The 'employee_table'=======

2020-12-12 21:59:49 INFO  Querybuilder:97 - 
Generated Sql Query?= INSERT INTO employee_table (employee_id,employee_name,employee_salary) VALUES (105,'Editor105',1324)

2020-12-12 21:59:49 INFO  Querybuilder:102 - 
=======Record Sucessfully Inserted  In The 'employee_table'=======

2020-12-12 21:59:49 INFO  Querybuilder:108 - 
=======Displaying All Records From The 'employee_table'=======

2020-12-13 10:48:33 INFO  Querybuilder:42 - 
=======Database Connection Open=======

2020-12-13 10:48:33 INFO  Querybuilder:45 - 
=======Statement Object Created=======

2020-12-13 10:48:33 INFO  Querybuilder:72 - 
=======Creating 'employee_table' In The Database=======

2020-12-13 10:51:07 INFO  Querybuilder:83 - 
Generated Sql Query?= CREATE TABLE employee_table (employee_id INTEGER(10),employee_name VARCHAR(100),employee_salary INTEGER(200))

2020-12-13 10:51:34 INFO  Querybuilder:88 - 
=======The 'employee_table' Successfully Created In The Database=======

2020-12-13 10:51:34 INFO  Querybuilder:94 - 
=======Inserting Record In The 'employee_table'=======

2020-12-13 10:51:34 INFO  Querybuilder:97 - 
Generated Sql Query?= INSERT INTO employee_table (employee_id,employee_name,employee_salary) VALUES (101,'Editor101',1377)

2020-12-13 10:51:34 INFO  Querybuilder:102 - 
=======Record Sucessfully Inserted  In The 'employee_table'=======

2020-12-13 10:51:34 INFO  Querybuilder:94 - 
=======Inserting Record In The 'employee_table'=======

2020-12-13 10:51:34 INFO  Querybuilder:97 - 
Generated Sql Query?= INSERT INTO employee_table (employee_id,employee_name,employee_salary) VALUES (102,'Editor102',1404)

2020-12-13 10:51:34 INFO  Querybuilder:102 - 
=======Record Sucessfully Inserted  In The 'employee_table'=======

2020-12-13 10:51:34 INFO  Querybuilder:94 - 
=======Inserting Record In The 'employee_table'=======

2020-12-13 10:51:34 INFO  Querybuilder:97 - 
Generated Sql Query?= INSERT INTO employee_table (employee_id,employee_name,employee_salary) VALUES (103,'Editor103',1219)

2020-12-13 10:51:34 INFO  Querybuilder:102 - 
=======Record Sucessfully Inserted  In The 'employee_table'=======

2020-12-13 10:51:34 INFO  Querybuilder:94 - 
=======Inserting Record In The 'employee_table'=======

2020-12-13 10:51:34 INFO  Querybuilder:97 - 
Generated Sql Query?= INSERT INTO employee_table (employee_id,employee_name,employee_salary) VALUES (104,'Editor104',1094)

2020-12-13 10:51:34 INFO  Querybuilder:102 - 
=======Record Sucessfully Inserted  In The 'employee_table'=======

2020-12-13 10:51:34 INFO  Querybuilder:94 - 
=======Inserting Record In The 'employee_table'=======

2020-12-13 10:51:34 INFO  Querybuilder:97 - 
Generated Sql Query?= INSERT INTO employee_table (employee_id,employee_name,employee_salary) VALUES (105,'Editor105',1092)

2020-12-13 10:51:34 INFO  Querybuilder:102 - 
=======Record Sucessfully Inserted  In The 'employee_table'=======

2020-12-13 10:51:37 INFO  Querybuilder:108 - 
=======Displaying All Records From The 'employee_table'=======

2020-12-13 10:54:45 INFO  Querybuilder:111 - 
Generated Sql Query?= SELECT t0.employee_id,t0.employee_name,t0.employee_salary FROM employee_table t0

2020-12-13 10:54:45 INFO  Querybuilder:118 - 
Id?= 101, Name?= Editor101, Salary?= 1377

2020-12-13 10:54:45 INFO  Querybuilder:118 - 
Id?= 102, Name?= Editor102, Salary?= 1404

2020-12-13 10:54:45 INFO  Querybuilder:118 - 
Id?= 103, Name?= Editor103, Salary?= 1219

2020-12-13 10:54:45 INFO  Querybuilder:118 - 
Id?= 104, Name?= Editor104, Salary?= 1094

2020-12-13 10:54:45 INFO  Querybuilder:118 - 
Id?= 105, Name?= Editor105, Salary?= 1092

2020-12-13 10:54:45 INFO  Querybuilder:120 - 
=======All Records Displayed From The 'employee_table'=======

2020-12-13 10:54:49 INFO  Querybuilder:130 - 
=======Displaying Specific Record From The 'employee_table'=======

2020-12-13 10:54:51 INFO  Querybuilder:133 - 
Generated Sql Query?= SELECT t0.employee_id,t0.employee_name,t0.employee_salary FROM employee_table t0 WHERE (t0.employee_id = 103)

2020-12-13 10:54:51 INFO  Querybuilder:140 - 
Id?= 103, Name?= Editor103, Salary?= 1219

2020-12-13 10:54:51 INFO  Querybuilder:146 - 
=======Specific Record Displayed From The 'employee_table'=======

2020-12-13 10:54:51 INFO  Querybuilder:152 - 
=======Updating Record In The 'employee_table'=======

2020-12-13 10:54:51 INFO  Querybuilder:155 - 
Generated Sql Query?= UPDATE employee_table SET employee_name = 'Java Code Geek' WHERE (employee_id = 101)

2020-12-13 10:54:51 INFO  Querybuilder:160 - 
=======Record Updated In The 'employee_table' =======

2020-12-13 10:54:51 INFO  Querybuilder:108 - 
=======Displaying All Records From The 'employee_table'=======

2020-12-13 10:54:58 INFO  Querybuilder:111 - 
Generated Sql Query?= SELECT t0.employee_id,t0.employee_name,t0.employee_salary FROM employee_table t0

2020-12-13 10:54:58 INFO  Querybuilder:118 - 
Id?= 101, Name?= Java Code Geek, Salary?= 1377

2020-12-13 10:54:58 INFO  Querybuilder:118 - 
Id?= 102, Name?= Editor102, Salary?= 1404

2020-12-13 10:54:58 INFO  Querybuilder:118 - 
Id?= 103, Name?= Editor103, Salary?= 1219

2020-12-13 10:54:58 INFO  Querybuilder:118 - 
Id?= 104, Name?= Editor104, Salary?= 1094

2020-12-13 10:54:58 INFO  Querybuilder:118 - 
Id?= 105, Name?= Editor105, Salary?= 1092

2020-12-13 10:54:58 INFO  Querybuilder:120 - 
=======All Records Displayed From The 'employee_table'=======

2020-12-13 10:55:00 INFO  Querybuilder:108 - 
=======Displaying All Records From The 'employee_table'=======

2020-12-13 10:55:07 INFO  Querybuilder:111 - 
Generated Sql Query?= SELECT t0.employee_id,t0.employee_name,t0.employee_salary FROM employee_table t0

2020-12-13 10:55:07 INFO  Querybuilder:118 - 
Id?= 101, Name?= Java Code Geek, Salary?= 1377

2020-12-13 10:55:07 INFO  Querybuilder:118 - 
Id?= 102, Name?= Editor102, Salary?= 1404

2020-12-13 10:55:07 INFO  Querybuilder:118 - 
Id?= 103, Name?= Editor103, Salary?= 1219

2020-12-13 10:55:07 INFO  Querybuilder:118 - 
Id?= 104, Name?= Editor104, Salary?= 1094

2020-12-13 10:55:07 INFO  Querybuilder:118 - 
Id?= 105, Name?= Editor105, Salary?= 1092

2020-12-13 10:55:07 INFO  Querybuilder:120 - 
=======All Records Displayed From The 'employee_table'=======

2020-12-13 10:55:07 INFO  Querybuilder:64 - 
=======Database Connection Closed=======

2020-12-13 10:56:04 INFO  Querybuilder:42 - 
=======Database Connection Open=======

2020-12-13 10:56:04 INFO  Querybuilder:45 - 
=======Statement Object Created=======

2020-12-13 10:56:07 INFO  Querybuilder:108 - 
=======Displaying All Records From The 'employee_table'=======

2020-12-13 10:59:13 INFO  Querybuilder:111 - 
Generated Sql Query?= SELECT NULL,NULL,NULL

2020-12-13 10:59:14 INFO  Querybuilder:130 - 
=======Displaying Specific Record From The 'employee_table'=======

2020-12-13 10:59:14 INFO  Querybuilder:133 - 
Generated Sql Query?= SELECT NULL,NULL,NULL WHERE (NULL = 103)

2020-12-13 10:59:14 INFO  Querybuilder:137 - 
=======No Record Is Present In The 'employee_table'=======

2020-12-13 10:59:14 INFO  Querybuilder:146 - 
=======Specific Record Displayed From The 'employee_table'=======

2020-12-13 10:59:14 INFO  Querybuilder:152 - 
=======Updating Record In The 'employee_table'=======

2020-12-13 10:59:14 INFO  Querybuilder:155 - 
Generated Sql Query?= UPDATE NULL SET NULL = 'Java Code Geek' WHERE (NULL = 101)

2020-12-13 10:59:14 INFO  Querybuilder:160 - 
=======Record Updated In The 'employee_table' =======

2020-12-13 10:59:15 INFO  Querybuilder:108 - 
=======Displaying All Records From The 'employee_table'=======

2020-12-13 10:59:15 INFO  Querybuilder:111 - 
Generated Sql Query?= SELECT NULL,NULL,NULL

2020-12-13 10:59:15 INFO  Querybuilder:108 - 
=======Displaying All Records From The 'employee_table'=======

2020-12-13 10:59:15 INFO  Querybuilder:111 - 
Generated Sql Query?= SELECT NULL,NULL,NULL

2020-12-13 10:59:16 INFO  Querybuilder:64 - 
=======Database Connection Closed=======

2020-12-13 11:05:16 INFO  Querybuilder:42 - 
=======Database Connection Open=======

2020-12-13 11:05:16 INFO  Querybuilder:45 - 
=======Statement Object Created=======

2020-12-13 11:05:33 INFO  Querybuilder:211 - 
Generated Sql Query?= SELECT * FROM employee_table

2020-12-13 11:05:45 INFO  Querybuilder:219 - 
Id?= 101, Name?= Java Code Geek, Salary?= 1377

2020-12-13 11:05:52 INFO  Querybuilder:219 - 
Id?= 102, Name?= Editor102, Salary?= 1404

2020-12-13 11:05:53 INFO  Querybuilder:219 - 
Id?= 103, Name?= Editor103, Salary?= 1219

2020-12-13 11:05:54 INFO  Querybuilder:219 - 
Id?= 104, Name?= Editor104, Salary?= 1094

2020-12-13 11:05:54 INFO  Querybuilder:219 - 
Id?= 105, Name?= Editor105, Salary?= 1092

2020-12-13 11:05:55 INFO  Querybuilder:221 - 
=======All Records Displayed From The 'employee_table'=======

2020-12-13 11:05:55 INFO  Querybuilder:64 - 
=======Database Connection Closed=======

2020-12-13 11:45:37 INFO  Querybuilder:45 - 
=======Database Connection Open=======

2020-12-13 11:45:37 INFO  Querybuilder:48 - 
=======Statement Object Created=======

2020-12-13 11:47:03 INFO  Querybuilder:250 - 
 Inner Join Generated Sql Query?= SELECT * FROM employee_table INNER JOIN stdtbl ON ('employee_table.employee_id' = 'stdtbl.id')

2020-12-13 11:47:04 INFO  Querybuilder:254 - 
=======No Records Are Present In The 'employee_table'=======

2020-12-13 11:47:06 INFO  Querybuilder:69 - 
=======Database Connection Closed=======

2020-12-13 11:47:53 INFO  Querybuilder:45 - 
=======Database Connection Open=======

2020-12-13 11:47:53 INFO  Querybuilder:48 - 
=======Statement Object Created=======

2020-12-13 11:50:25 INFO  Querybuilder:250 - 
 Inner Join Generated Sql Query?= SELECT * FROM stdtbl INNER JOIN employee_table ON ('employee_table.employee_id' = 'stdtbl.fname')

2020-12-13 11:50:25 INFO  Querybuilder:254 - 
=======No Records Are Present In The 'employee_table'=======

2020-12-13 11:50:25 INFO  Querybuilder:69 - 
=======Database Connection Closed=======

2020-12-13 11:51:09 INFO  Querybuilder:45 - 
=======Database Connection Open=======

2020-12-13 11:51:09 INFO  Querybuilder:48 - 
=======Statement Object Created=======

2020-12-13 12:12:31 INFO  Querybuilder:250 - 
 Inner Join Generated Sql Query?= SELECT * FROM stdtbl INNER JOIN employee_table ON ('employee_table.employee_name' = 'stdtbl.fname')

2020-12-13 12:12:31 INFO  Querybuilder:254 - 
=======No Records Are Present In The 'employee_table'=======

2020-12-13 12:12:32 INFO  Querybuilder:69 - 
=======Database Connection Closed=======

2020-12-13 12:13:50 INFO  Querybuilder:45 - 
=======Database Connection Open=======

2020-12-13 12:13:50 INFO  Querybuilder:48 - 
=======Statement Object Created=======

2020-12-13 12:14:28 INFO  Querybuilder:251 - 
 Inner Join Generated Sql Query?= SELECT * FROM stdtbl INNER JOIN employee_table ON (employee_table.employee_name = stdtbl.fname)

2020-12-13 12:15:04 INFO  Querybuilder:258 - 
Id?= 102, Name?= Editor102, Salary?= 1404

2020-12-13 12:15:10 INFO  Querybuilder:261 - 
=======All Records Displayed From The 'employee_table'=======

2020-12-13 12:15:14 INFO  Querybuilder:69 - 
=======Database Connection Closed=======

2020-12-13 12:18:52 INFO  Querybuilder:45 - 
=======Database Connection Open=======

2020-12-13 12:18:52 INFO  Querybuilder:48 - 
=======Statement Object Created=======

2020-12-13 12:18:52 INFO  Querybuilder:251 - 
 Inner Join Generated Sql Query?= SELECT * FROM stdtbl INNER JOIN employee_table ON (employee_table.employee_name = stdtbl.fname)

2020-12-13 12:18:52 INFO  Querybuilder:258 - 
Id= 101, First Name= Editor102, last Name= jadhav
Employee_ Id = 102,Employee Name= Editor102, Salary= 1404
2020-12-13 12:18:52 INFO  Querybuilder:261 - 
=======All Records Displayed From The 'employee_table'=======

2020-12-13 12:18:52 INFO  Querybuilder:69 - 
=======Database Connection Closed=======

2020-12-13 12:19:46 INFO  Querybuilder:45 - 
=======Database Connection Open=======

2020-12-13 12:19:46 INFO  Querybuilder:48 - 
=======Statement Object Created=======

2020-12-13 12:20:18 INFO  Querybuilder:251 - 
 Inner Join Generated Sql Query?= SELECT * FROM stdtbl INNER JOIN employee_table ON (employee_table.employee_id = stdtbl.id)

2020-12-13 12:20:26 INFO  Querybuilder:258 - 
Id= 101, First Name= Editor102, last Name= jadhav
Employee_ Id = 101,Employee Name= Java Code Geek, Salary= 1377
2020-12-13 12:20:29 INFO  Querybuilder:258 - 
Id= 102, First Name= sachin, last Name= tendulkar
Employee_ Id = 102,Employee Name= Editor102, Salary= 1404
2020-12-13 12:20:31 INFO  Querybuilder:258 - 
Id= 103, First Name= suresh, last Name= raina
Employee_ Id = 103,Employee Name= Editor103, Salary= 1219
2020-12-13 12:20:33 INFO  Querybuilder:261 - 
=======All Records Displayed From The 'employee_table'=======

2020-12-13 12:20:35 INFO  Querybuilder:69 - 
=======Database Connection Closed=======

2020-12-13 13:04:57 INFO  Querybuilder:45 - 
=======Database Connection Open=======

2020-12-13 13:04:57 INFO  Querybuilder:48 - 
=======Statement Object Created=======

2020-12-13 13:05:40 INFO  Querybuilder:275 - 
 Inner Join Generated Sql Query?= SELECT * FROM stdtbl WHERE (101 > 105)

2020-12-13 13:05:40 INFO  Querybuilder:279 - 
=======No Records Are Present In The 'employee_table'=======

2020-12-13 13:05:41 INFO  Querybuilder:69 - 
=======Database Connection Closed=======

